{"name": "test_verify_sub", "status": "failed", "statusDetails": {"message": "AssertionError: assert (1 - 2) == 0", "trace": "@pytest.mark.reg\n    def test_verify_sub():\n>       assert 1 - 2 == 0\nE       assert (1 - 2) == 0\n\nOct\\test_Lab101.py:35: AssertionError"}, "start": 1728446730057, "stop": 1728446730057, "uuid": "45d022f9-5521-4b16-86ca-b72934eac00b", "historyId": "a2aeff6f6c0239bd963bcc7cfc7aa7ae", "testCaseId": "a2aeff6f6c0239bd963bcc7cfc7aa7ae", "fullName": "Oct.test_Lab101#test_verify_sub", "labels": [{"name": "tag", "value": "reg"}, {"name": "parentSuite", "value": "Oct"}, {"name": "suite", "value": "test_Lab101"}, {"name": "host", "value": "DESKTOP-07C4ROQ"}, {"name": "thread", "value": "11064-MainThread"}, {"name": "framework", "value": "pytest"}, {"name": "language", "value": "cpython3"}, {"name": "package", "value": "Oct.test_Lab101"}]}